<?xml version="1.0" encoding="UTF-8"?>
<testng-results skipped="0" failed="0" total="1" passed="1">
  <reporter-output>
  </reporter-output>
  <suite name="Default Suite" duration-ms="6061" started-at="2017-05-13T03:33:44Z" finished-at="2017-05-13T03:33:50Z">
    <groups>
    </groups>
    <test name="Janish_Intellij" duration-ms="6061" started-at="2017-05-13T03:33:44Z" finished-at="2017-05-13T03:33:50Z">
      <class name="JUNIT.Testng">
        <test-method status="PASS" signature="verifyTitle()[pri:0, instance:JUNIT.Testng@899482]" name="verifyTitle" duration-ms="6048" started-at="2017-05-12T20:33:44Z" finished-at="2017-05-12T20:33:50Z">
          <reporter-output>
          </reporter-output>
        </test-method> <!-- verifyTitle -->
      </class> <!-- JUNIT.Testng -->
    </test> <!-- Janish_Intellij -->
  </suite> <!-- Default Suite -->
</testng-results>
